[12:34:05] [Server thread/INFO]: Starting minecraft server version 1.8.8
[12:34:05] [Server thread/INFO]: Loading properties
[12:34:05] [Server thread/INFO]: Default game type: SURVIVAL
[12:34:06] [Server thread/INFO]: This server is running CraftBukkit version git-PaperSpigot-445 (MC: 1.8.8) (Implementing API version 1.8.8-R0.1-SNAPSHOT)
[12:34:06] [Server thread/INFO]: Your platform does not provide complete low-level API for accessing direct buffers reliably. Unless explicitly requested, heap buffer will always be preferred to avoid potential system unstability.
[12:34:06] [Server thread/WARN]: Couldn't load server icon
java.lang.IllegalArgumentException: Must be 64 pixels high
	at org.apache.commons.lang.Validate.isTrue(Validate.java:136) ~[patched_1.8.8.jar:git-PaperSpigot-445]
	at org.bukkit.craftbukkit.v1_8_R3.CraftServer.loadServerIcon0(CraftServer.java:1742) ~[patched_1.8.8.jar:git-PaperSpigot-445]
	at org.bukkit.craftbukkit.v1_8_R3.CraftServer.loadServerIcon0(CraftServer.java:1729) ~[patched_1.8.8.jar:git-PaperSpigot-445]
	at org.bukkit.craftbukkit.v1_8_R3.CraftServer.loadIcon(CraftServer.java:777) ~[patched_1.8.8.jar:git-PaperSpigot-445]
	at org.bukkit.craftbukkit.v1_8_R3.CraftServer.<init>(CraftServer.java:251) ~[patched_1.8.8.jar:git-PaperSpigot-445]
	at net.minecraft.server.v1_8_R3.PlayerList.<init>(PlayerList.java:71) ~[patched_1.8.8.jar:git-PaperSpigot-445]
	at net.minecraft.server.v1_8_R3.DedicatedPlayerList.<init>(SourceFile:14) ~[patched_1.8.8.jar:git-PaperSpigot-445]
	at net.minecraft.server.v1_8_R3.DedicatedServer.init(DedicatedServer.java:176) ~[patched_1.8.8.jar:git-PaperSpigot-445]
	at net.minecraft.server.v1_8_R3.MinecraftServer.run(MinecraftServer.java:563) ~[patched_1.8.8.jar:git-PaperSpigot-445]
	at java.lang.Thread.run(Thread.java:1583) [?:?]
[12:34:06] [Server thread/INFO]: Debug logging is disabled
[12:34:06] [Server thread/INFO]: Spigot Timings: true - Verbose: true - Interval: 5m - Length: 60m
[12:34:06] [Server thread/INFO]: Server Ping Player Sample Count: 12

[12:34:06] [Server thread/INFO]: Using 4 threads for Netty based IO
[12:34:06] [Server thread/INFO]: Data value allowed items: 
[12:34:06] [Server thread/WARN]: java.lang.NoSuchFieldException: modifiers

[12:34:06] [Server thread/WARN]: 	at java.base/java.lang.Class.getDeclaredField(Class.java:2782)

[12:34:06] [Server thread/WARN]: 	at org.github.paperspigot.PaperSpigotConfig.stackableBuckets(PaperSpigotConfig.java:192)

[12:34:06] [Server thread/WARN]: 	at java.base/jdk.internal.reflect.DirectMethodHandleAccessor.invoke(DirectMethodHandleAccessor.java:103)

[12:34:06] [Server thread/WARN]: 	at java.base/java.lang.reflect.Method.invoke(Method.java:580)

[12:34:06] [Server thread/WARN]: 	at org.github.paperspigot.PaperSpigotConfig.readConfig(PaperSpigotConfig.java:84)

[12:34:06] [Server thread/WARN]: 	at org.github.paperspigot.PaperSpigotConfig.init(PaperSpigotConfig.java:62)

[12:34:06] [Server thread/WARN]: 	at net.minecraft.server.v1_8_R3.DedicatedServer.init(DedicatedServer.java:181)

[12:34:06] [Server thread/WARN]: 	at net.minecraft.server.v1_8_R3.MinecraftServer.run(MinecraftServer.java:563)

[12:34:06] [Server thread/WARN]: 	at java.base/java.lang.Thread.run(Thread.java:1583)

[12:34:06] [Server thread/INFO]: Generating keypair
[12:34:07] [Server thread/INFO]: Starting Minecraft server on localhost:25565
[12:34:07] [Server thread/INFO]: Using default channel type
[12:34:07] [Server thread/ERROR]: Ambiguous plugin name `EaglerPluginInstaller' for files `plugins/EaglerPluginInstaller.jar' and `plugins/EaglerPluginInstaller-1.1.5.jar' in `plugins'
[12:34:07] [Server thread/INFO]: Set PluginClassLoader as parallel capable
[12:34:07] [Server thread/INFO]: [SimpleTpa] Loading SimpleTpa v6.4
[12:34:07] [Server thread/INFO]: [[EaglerPluginInstaller]] Loading EaglerPluginInstaller v1.1.4
[12:34:07] [Server thread/INFO]: [MyWarp] Loading MyWarp v2.6.1
[12:34:07] [Server thread/INFO]: [RealisticBackpacks] Loading RealisticBackpacks v1.3
[12:34:07] [Server thread/INFO]: [WorldEdit] Loading WorldEdit v6.1;no_git_id
[12:34:07] [Server thread/INFO]: [MagicSpellBook] Loading MagicSpellBook v0.3
[12:34:07] [Server thread/INFO]: [SimpleHomes] Loading SimpleHomes v2.2
[12:34:07] [Server thread/INFO]: [AnvilColors] Loading AnvilColors v1.3.1
[12:34:07] [Server thread/INFO]: [[EaglerPluginUpdater]] Loading EaglerPluginUpdater v1.1.2
[12:34:07] [Server thread/INFO]: [MagicSpells] Loading MagicSpells v2.15
[12:34:07] [Server thread/INFO]: [McTeams] Loading McTeams v1.6.1
[12:34:07] [Server thread/INFO]: [ProtocolLib] Loading ProtocolLib v5.1.0
[12:34:08] [Server thread/INFO]: [LoginSecurity] Loading LoginSecurity v3.2.0
[12:34:08] [Server thread/INFO]: [MobArena] Loading MobArena v0.94.4.98
[12:34:08] [Server thread/INFO]: [CraftBook] Loading CraftBook v2372-beaf82e
[12:34:08] [Server thread/INFO]: [ProtocolLib] Enabling ProtocolLib v5.1.0
[12:34:08] [Server thread/WARN]: **** SERVER IS RUNNING IN OFFLINE/INSECURE MODE!
[12:34:08] [Server thread/WARN]: The server will make no attempt to authenticate usernames. Beware.
[12:34:08] [Server thread/WARN]: Whilst this makes it possible to use BungeeCord, unless access to your server is properly restricted, it also opens up the ability for hackers to connect with any username they choose.
[12:34:08] [Server thread/WARN]: Please see http://www.spigotmc.org/wiki/firewall-guide/ for further information.
[12:34:08] [Server thread/WARN]: To change this, set "online-mode" to "true" in the server.properties file.
[12:34:08] [Server thread/INFO]: **** Beginning UUID conversion, this may take A LONG time ****
[12:34:08] [Server thread/INFO]: Preparing level "world"
[12:34:08] [Server thread/INFO]: -------- World Settings For [world] --------
[12:34:08] [Server thread/INFO]: Mob Spawn Range: 4
[12:34:08] [Server thread/INFO]: Anti X-Ray: true
[12:34:08] [Server thread/INFO]: 	Engine Mode: 1
[12:34:08] [Server thread/INFO]: 	Hidden Blocks: [14, 15, 16, 21, 48, 49, 54, 56, 73, 74, 82, 129, 130]
[12:34:08] [Server thread/INFO]: 	Replace Blocks: [1, 5]
[12:34:08] [Server thread/INFO]: Nerfing mobs spawned from spawners: false
[12:34:08] [Server thread/INFO]: Cactus Growth Modifier: 100%
[12:34:08] [Server thread/INFO]: Cane Growth Modifier: 100%
[12:34:08] [Server thread/INFO]: Melon Growth Modifier: 100%
[12:34:08] [Server thread/INFO]: Mushroom Growth Modifier: 100%
[12:34:08] [Server thread/INFO]: Pumpkin Growth Modifier: 100%
[12:34:08] [Server thread/INFO]: Sapling Growth Modifier: 100%
[12:34:08] [Server thread/INFO]: Wheat Growth Modifier: 100%
[12:34:08] [Server thread/INFO]: NetherWart Growth Modifier: 100%
[12:34:08] [Server thread/INFO]: Entity Activation Range: An 32 / Mo 32 / Mi 16
[12:34:08] [Server thread/INFO]: Entity Tracking Range: Pl 48 / An 48 / Mo 48 / Mi 32 / Other 64
[12:34:08] [Server thread/INFO]: Hopper Transfer: 8 Hopper Check: 8 Hopper Amount: 1
[12:34:08] [Server thread/INFO]: Random Lighting Updates: false
[12:34:08] [Server thread/INFO]: Structure Info Saving: true
[12:34:08] [Server thread/INFO]: Sending up to 10 chunks per packet
[12:34:08] [Server thread/INFO]: Max Entity Collisions: 8
[12:34:08] [Server thread/INFO]: Custom Map Seeds:  Village: 10387312 Feature: 14357617
[12:34:08] [Server thread/INFO]: Max TNT Explosions: 100
[12:34:08] [Server thread/INFO]: Tile Max Tick Time: 50ms Entity max Tick Time: 50ms
[12:34:08] [Server thread/INFO]: Item Despawn Rate: 6000
[12:34:08] [Server thread/INFO]: Item Merge Radius: 2.5
[12:34:08] [Server thread/INFO]: Allow Zombie Pigmen to spawn from portal blocks: true
[12:34:08] [Server thread/INFO]: Arrow Despawn Rate: 1200
[12:34:08] [Server thread/INFO]: View Distance: 4
[12:34:08] [Server thread/INFO]: Zombie Aggressive Towards Villager: true
[12:34:08] [Server thread/INFO]: Chunks to Grow per Tick: 650
[12:34:08] [Server thread/INFO]: Clear tick list: false
[12:34:08] [Server thread/INFO]: Experience Merge Radius: 3.0
[12:34:08] [Server thread/INFO]: -------- World Settings For [world] --------
[12:34:08] [Server thread/INFO]: Remove invalid mob spawner tile entities: true
[12:34:08] [Server thread/INFO]: Player blocking damage multiplier set to 0.5
[12:34:08] [Server thread/INFO]: Squids will spawn between Y: 45.0 and Y: 63.0
[12:34:08] [Server thread/INFO]: Max height for cactus growth 3. Max height for reed growth 3
[12:34:08] [Server thread/INFO]: Living Entity Despawn Ranges:  Soft: 32 Hard: 128
[12:34:08] [Server thread/INFO]: Water over lava flow speed: 5
[12:34:08] [Server thread/INFO]: Fix TNT cannons: false
[12:34:08] [Server thread/INFO]: Allow undead horse types to be leashed: false
[12:34:08] [Server thread/INFO]: Keep spawn chunk loaded: true
[12:34:08] [Server thread/INFO]: World async lighting: false
[12:34:08] [Server thread/INFO]: WorldServer TickNextTick cap set at 10000
[12:34:08] [Server thread/INFO]: WorldServer TickNextTickList cap always processes redstone: false
[12:34:08] [Server thread/INFO]: Preparing start region for level 0 (Seed: 24877956)
[12:34:09] [Server thread/INFO]: Preparing spawn area: 44%
[12:34:10] [Server thread/INFO]: [SimpleTpa] Enabling SimpleTpa v6.4
[12:34:10] [Server thread/INFO]: [0;33;1m[21m[SimpleTpa] If you need support contact me at https://discord.gg/SZUkza9[m

[12:34:10] [Server thread/INFO]: [0;33;1m[21m[SimpleTpa] Simple Tpa has been enabled on version 6.4[m

[12:34:10] [Server thread/INFO]: Enabled metrics. You may opt-out by changing plugins/bStats/config.yml
[12:34:10] [Server thread/INFO]: [[EaglerPluginInstaller]] Enabling EaglerPluginInstaller v1.1.4
[12:34:10] [Server thread/INFO]: Check 1 passed

[12:34:11] [Server thread/INFO]: Check 3 passed

[12:34:11] [Server thread/INFO]: --------------------------------------------[m

[12:34:11] [Server thread/INFO]: --------------------------------------------[m

[12:34:11] [Server thread/INFO]: [0;32;1m[EaglerPluginInstaller][0;36;1m EaglerPluginInstaller V1.1.5 is now Enabled! :D[m

[12:34:11] [Server thread/INFO]: To use PluginInstaller, run the command "/install <pluginname>" ("install <pluginname>" in console) to install a plugin[m

[12:34:11] [Server thread/INFO]: To get a list of installable plugins, use the command "/plist" or "plist" in console[m

[12:34:11] [Server thread/INFO]: You can request to add a new plugin to the database by going to https://github.com/darverdevs/PluginInstallerRepo/tree/main[m

[12:34:11] [Server thread/INFO]: and creating an issue or pull request of the plugin you want to add[m

[12:34:11] [Server thread/INFO]: --------------------------------------------[m

[12:34:11] [Server thread/INFO]: --------------------------------------------[m

[12:34:11] [Server thread/INFO]: [MyWarp] Enabling MyWarp v2.6.1
[12:34:11] [Server thread/ERROR]: [MyWarp] Failed to create default config.yml , using build-in defaults: 
java.io.FileNotFoundException: plugins/MyWarp/config.yml (Is a directory)
	at java.io.FileOutputStream.open0(Native Method) ~[?:?]
	at java.io.FileOutputStream.open(FileOutputStream.java:289) ~[?:?]
	at java.io.FileOutputStream.<init>(FileOutputStream.java:230) ~[?:?]
	at java.io.FileOutputStream.<init>(FileOutputStream.java:179) ~[?:?]
	at org.bukkit.configuration.file.FileConfiguration.save(FileConfiguration.java:105) ~[patched_1.8.8.jar:git-PaperSpigot-445]
	at me.taylorkelly.mywarp.WarpSettings.getYAMLConfig(WarpSettings.java:125) ~[?:?]
	at me.taylorkelly.mywarp.WarpSettings.<init>(WarpSettings.java:75) ~[?:?]
	at me.taylorkelly.mywarp.MyWarp.onEnable(MyWarp.java:226) ~[?:?]
	at org.bukkit.plugin.java.JavaPlugin.setEnabled(JavaPlugin.java:321) ~[patched_1.8.8.jar:git-PaperSpigot-445]
	at org.bukkit.plugin.java.JavaPluginLoader.enablePlugin(JavaPluginLoader.java:332) ~[patched_1.8.8.jar:git-PaperSpigot-445]
	at org.bukkit.plugin.SimplePluginManager.enablePlugin(SimplePluginManager.java:407) ~[patched_1.8.8.jar:git-PaperSpigot-445]
	at org.bukkit.craftbukkit.v1_8_R3.CraftServer.loadPlugin(CraftServer.java:359) ~[patched_1.8.8.jar:git-PaperSpigot-445]
	at org.bukkit.craftbukkit.v1_8_R3.CraftServer.enablePlugins(CraftServer.java:318) ~[patched_1.8.8.jar:git-PaperSpigot-445]
	at net.minecraft.server.v1_8_R3.MinecraftServer.s(MinecraftServer.java:408) ~[patched_1.8.8.jar:git-PaperSpigot-445]
	at net.minecraft.server.v1_8_R3.MinecraftServer.k(MinecraftServer.java:372) ~[patched_1.8.8.jar:git-PaperSpigot-445]
	at net.minecraft.server.v1_8_R3.MinecraftServer.a(MinecraftServer.java:327) ~[patched_1.8.8.jar:git-PaperSpigot-445]
	at net.minecraft.server.v1_8_R3.DedicatedServer.init(DedicatedServer.java:267) ~[patched_1.8.8.jar:git-PaperSpigot-445]
	at net.minecraft.server.v1_8_R3.MinecraftServer.run(MinecraftServer.java:563) ~[patched_1.8.8.jar:git-PaperSpigot-445]
	at java.lang.Thread.run(Thread.java:1583) [?:?]
[12:34:11] [Server thread/INFO]: [MyWarp] No supported permissions plugin found, using Superperms fallback for group support
[12:34:11] [Server thread/INFO]: [MyWarp] 3 warps loaded
[12:34:11] [Server thread/INFO]: [MyWarp] Using localization: en_US
[12:34:11] [Server thread/INFO]: [RealisticBackpacks] Enabling RealisticBackpacks v1.3
[12:34:11] [Server thread/ERROR]: [RealisticBackpacks] * ! * ! * !* ! * ! * ! * ! * !* ! * ! * ! *
[12:34:11] [Server thread/ERROR]: [RealisticBackpacks] This version of craftbukkit is not supported, please contact the developer stating this version: v1_8_R3
[12:34:11] [Server thread/ERROR]: [RealisticBackpacks] RealisticBackpacks will now disable.
[12:34:11] [Server thread/ERROR]: [RealisticBackpacks] * ! * ! * !* ! * ! * ! * ! * !* ! * ! * ! *
[12:34:11] [Server thread/INFO]: [RealisticBackpacks] Realistic Backpacks has been disabled.
[12:34:11] [Server thread/INFO]: [WorldEdit] Enabling WorldEdit v6.1;no_git_id
[12:34:11] [Server thread/INFO]: WEPIF: Using the Bukkit Permissions API.
[12:34:12] [Server thread/INFO]: [WorldEdit] Using com.sk89q.worldedit.bukkit.adapter.impl.Spigot_v1_8_R3 as the Bukkit adapter
[12:34:12] [Server thread/INFO]: [MagicSpellBook] Enabling MagicSpellBook v0.3
[12:34:12] [Server thread/INFO]: Plugin Metrics loaded!
[12:34:12] [Server thread/INFO]: [SimpleHomes] Enabling SimpleHomes v2.2
[12:34:12] [Server thread/INFO]: [AnvilColors] Enabling AnvilColors v1.3.1
[12:34:12] [Server thread/INFO]: [[EaglerPluginUpdater]] Enabling EaglerPluginUpdater v1.1.2
[12:34:12] [Server thread/INFO]: [[EaglerPluginInstaller]] Disabling EaglerPluginInstaller v1.1.4
[12:34:12] [Server thread/INFO]: --------------------------------------------[m

[12:34:12] [Server thread/INFO]: --------------------------------------------[m

[12:34:12] [Server thread/INFO]: [0;32;1m[EaglerPluginInstaller][0;36;1m PluginInstaller V1.1.5 is now Disabled! D:[m

[12:34:12] [Server thread/INFO]: --------------------------------------------[m

[12:34:12] [Server thread/INFO]: --------------------------------------------[m

[12:34:12] [Server thread/INFO]: [[EaglerPluginInstaller]] Enabling EaglerPluginInstaller v1.1.4
[12:34:12] [Server thread/INFO]: Check 1 passed

[12:34:12] [Server thread/INFO]: Check 3 passed

[12:34:12] [Server thread/INFO]: --------------------------------------------[m

[12:34:12] [Server thread/INFO]: --------------------------------------------[m

[12:34:12] [Server thread/INFO]: [0;32;1m[EaglerPluginInstaller][0;36;1m EaglerPluginInstaller V1.1.5 is now Enabled! :D[m

[12:34:12] [Server thread/INFO]: To use PluginInstaller, run the command "/install <pluginname>" ("install <pluginname>" in console) to install a plugin[m

[12:34:12] [Server thread/INFO]: To get a list of installable plugins, use the command "/plist" or "plist" in console[m

[12:34:12] [Server thread/INFO]: You can request to add a new plugin to the database by going to https://github.com/darverdevs/PluginInstallerRepo/tree/main[m

[12:34:12] [Server thread/INFO]: and creating an issue or pull request of the plugin you want to add[m

[12:34:12] [Server thread/INFO]: --------------------------------------------[m

[12:34:12] [Server thread/INFO]: --------------------------------------------[m

[12:34:12] [Server thread/INFO]: --------------------------------------------[m

[12:34:12] [Server thread/INFO]: --------------------------------------------[m

[12:34:12] [Server thread/INFO]: [0;32;1m[EaglerPluginUpdater][0;36;1m EaglerPluginUpdater V1.1.2 is now Enabled! :D[m

[12:34:12] [Server thread/INFO]: You do not need to do anything, this plugin will automatically update your PluginUpdater on startup[m

[12:34:12] [Server thread/INFO]: --------------------------------------------[m

[12:34:12] [Server thread/INFO]: --------------------------------------------[m

[12:34:12] [Server thread/INFO]: [MagicSpells] Enabling MagicSpells v2.15
[12:34:12] [Server thread/WARN]: [MagicSpells] This MagicSpells version is not fully compatible with this server version.
[12:34:12] [Server thread/WARN]: [MagicSpells] Some features have been disabled.
[12:34:12] [Server thread/WARN]: [MagicSpells] See http://nisovin.com/magicspells/volatilefeatures for more information.
[12:34:12] [Server thread/INFO]: [MagicSpells] Spells loaded: 87
[12:34:12] [Server thread/INFO]: [McTeams] Enabling McTeams v1.6.1
[12:34:12] [Server thread/INFO]: [McTeams] Could not find PlaceholderAPI plugin. Those features will be unavailable.

[12:34:12] [Server thread/INFO]: [LoginSecurity] Enabling LoginSecurity v3.2.0
[12:34:12] [Server thread/INFO]: [LoginSecurity] Loading base translations from "en_us"
[12:34:12] [Server thread/INFO]: [LoginSecurity] Loading specified translations from "en_us"
[12:34:12] [Server thread/INFO]: [LoginSecurity] Registering commands...
[12:34:12] [Server thread/INFO]: [LoginSecurity] Registering listeners...
[12:34:12] [Server thread/INFO]: [MobArena] Enabling MobArena v0.94.4.98
[12:34:12] [Server thread/INFO]: [MobArena] No boss abilities found. Extracting defaults...
[12:34:12] [Server thread/ERROR]: [MobArena] Couldn't extract the default boss abilities!
[12:34:12] [Server thread/WARN]: [MobArena] Vault was not found. Economy rewards will not work!
[12:34:12] [Server thread/WARN]: [MobArena] Invalid boss ability 'arrows' for wave 'boss1' in arena 'default'.
[12:34:12] [Server thread/WARN]: [MobArena] Invalid boss ability 'root-target' for wave 'boss1' in arena 'default'.
[12:34:12] [Server thread/WARN]: [MobArena] Invalid boss ability 'throw-nearby' for wave 'boss1' in arena 'default'.
[12:34:12] [Server thread/INFO]: [MobArena] Loaded arena 'default'.
[12:34:12] [Server thread/WARN]: [MobArena] Invalid boss ability 'arrows' for wave 'boss1' in arena 'PVP'.
[12:34:12] [Server thread/WARN]: [MobArena] Invalid boss ability 'root-target' for wave 'boss1' in arena 'PVP'.
[12:34:12] [Server thread/WARN]: [MobArena] Invalid boss ability 'throw-nearby' for wave 'boss1' in arena 'PVP'.
[12:34:12] [Server thread/INFO]: [MobArena] Loaded arena 'PVP'.
[12:34:12] [Server thread/INFO]: [MobArena] v0.94.4.98 enabled.
[12:34:12] [Server thread/INFO]: [CraftBook] Enabling CraftBook v2372-beaf82e
[12:34:13] [Thread-7/WARN]: [Fatal Error] :1:1: Premature end of file.

[12:34:13] [Thread-7/WARN]: [MobArena] The version checker failed.
[12:34:13] [Thread-7/WARN]: [MobArena] This is harmless, but check for updates manually!
[12:34:13] [Thread-8/WARN]: Exception in thread "Thread-8" 
[12:34:13] [Thread-8/WARN]: java.lang.NullPointerException: Cannot invoke "String.split(String)" because "title" is null

[12:34:13] [Thread-8/WARN]: 	at com.sk89q.craftbook.bukkit.Updater.versionCheck(Updater.java:410)

[12:34:13] [Thread-8/WARN]: 	at com.sk89q.craftbook.bukkit.Updater.access$400(Updater.java:49)

[12:34:13] [Thread-8/WARN]: 	at com.sk89q.craftbook.bukkit.Updater$UpdateRunnable.run(Updater.java:535)

[12:34:13] [Thread-8/WARN]: 	at java.base/java.lang.Thread.run(Thread.java:1583)

[12:34:13] [Server thread/INFO]: [CraftBook] null is the latest version available, and the updatability of it is: SUCCESS. You currently have version Unknown installed.
[12:34:13] [Server thread/INFO]: 1 cauldron recipe(s) loaded
[12:34:13] [Server thread/INFO]: [CraftBook] Registered a new furnace recipe!
[12:34:13] [Server thread/INFO]: [CraftBook] Registered a new shaped recipe!
[12:34:13] [Server thread/INFO]: [CraftBook] Registered a new shapeless recipe!
[12:34:13] [Server thread/INFO]: [CraftBook] Registered 3 custom recipes!
[12:34:13] [Server thread/WARN]: [CraftBook] Chairs require ProtocolLib! They will not function without it!
[12:34:13] [Server thread/INFO]: [CraftBook] Added CommandItem: LightningRod
[12:34:13] [Server thread/INFO]: [CraftBook] Enumerating chunks for self-triggered components...
[12:34:13] [Server thread/INFO]: [CraftBook] 625 chunk(s) for 1 world(s) processed (16ms elapsed)
[12:34:13] [Server thread/INFO]: Server permissions file permissions.yml is empty, ignoring it
[12:34:13] [Server thread/INFO]: Done (4.554s)! For help, type "help" or "?"
[12:34:13] [Server thread/ERROR]: Couldn't load server icon
java.lang.IllegalStateException: Must be 64 pixels high
	at org.apache.commons.lang3.Validate.validState(Validate.java:826) ~[patched_1.8.8.jar:git-PaperSpigot-445]
	at net.minecraft.server.v1_8_R3.MinecraftServer.a(MinecraftServer.java:679) ~[patched_1.8.8.jar:git-PaperSpigot-445]
	at net.minecraft.server.v1_8_R3.MinecraftServer.run(MinecraftServer.java:569) ~[patched_1.8.8.jar:git-PaperSpigot-445]
	at java.lang.Thread.run(Thread.java:1583) [?:?]
[12:34:13] [Server thread/INFO]: Timings Reset
[12:34:13] [Craft Scheduler Thread - 0/INFO]: [0;31;1m[21m[SimpleTpa] There is a new update available.[m

[12:34:13] [Craft Scheduler Thread - 0/INFO]: [0;31;1m[SimpleTpa] There is a new update available:[m

[12:34:13] [Craft Scheduler Thread - 0/INFO]: [0;31;1m[SimpleTpa] https://www.spigotmc.org/resources/simple-tpa.64270/[m

[12:34:15] [Server thread/INFO]: [0;33;1m[ProtocolLib] The updater found an update: 5.2.0 (Running 5.1.0). Download at https://www.spigotmc.org/resources/protocollib.1997/[m

[12:34:50] [Thread-10/INFO]: UUID of player Void is 0dc7e8d8-8d56-3abf-b36c-0cde61e99b7b
[12:34:50] [Server thread/INFO]: Void[/[0:0:0:0:0:0:0:1]:33778] logged in with entity id 209 at ([world]386.0, 70.0, -180.0)
[12:35:05] [Server thread/INFO]: Void lost connection: Disconnected
[12:35:05] [Server thread/INFO]: Void left the game.
[12:37:29] [Thread-11/INFO]: UUID of player Void is 0dc7e8d8-8d56-3abf-b36c-0cde61e99b7b
[12:37:29] [Server thread/INFO]: Void[/[0:0:0:0:0:0:0:1]:40928] logged in with entity id 281 at ([world]386.0, 70.0, -180.0)
[12:37:53] [Server thread/INFO]: Void issued server command: /help
[12:38:12] [Server thread/INFO]: Void issued server command: /help bukkitcolors
[12:38:26] [Server thread/INFO]: Void issued server command: /help
[12:39:47] [Server thread/INFO]: Plugins (15): [0;32;1mSimpleTpa[0;37;1m, [0;32;1mEaglerPluginInstaller[0;37;1m, [0;32;1mMyWarp[0;37;1m, [0;31;1mRealisticBackpacks[0;37;1m, [0;32;1mWorldEdit[0;37;1m, [0;32;1mMagicSpellBook[0;37;1m, [0;32;1mSimpleHomes[0;37;1m, [0;32;1mAnvilColors[0;37;1m, [0;32;1mEaglerPluginUpdater[0;37;1m, [0;32;1mMagicSpells[0;37;1m, [0;32;1mMcTeams[0;37;1m, [0;32;1mProtocolLib[0;37;1m, [0;32;1mLoginSecurity[0;37;1m, [0;32;1mMobArena[0;37;1m, [0;32;1mCraftBook[m

[12:45:28] [Server thread/INFO]: Startup script './start.sh' does not exist! Stopping server.

